<?xml version="1.0" encoding="UTF-8"?>
<testsuite name="rspec" tests="20" skipped="0" failures="0" errors="0" time="0.006164" timestamp="2019-01-20T21:43:57-02:00" hostname="bruna-Latitude-5490">
<properties>
<property name="seed" value="29197"/>
</properties>
<testcase classname="spec.avengers_spec" name="AvengersHeadQuarter deve adicionar um vingador" file="./spec/avengers_spec.rb" time="0.000689"></testcase>
<testcase classname="spec.avengers_spec" name="AvengersHeadQuarter deve adicionar uma lista de vingadores" file="./spec/avengers_spec.rb" time="0.001119"></testcase>
<testcase classname="spec.avengers_spec" name="AvengersHeadQuarter Thor deve ser o primeiro da lista" file="./spec/avengers_spec.rb" time="0.000449"></testcase>
<testcase classname="spec.avengers_spec" name="AvengersHeadQuarter Ironman deve ser o último da lista" file="./spec/avengers_spec.rb" time="0.000082"></testcase>
<testcase classname="spec.avengers_spec" name="AvengersHeadQuarter deve conter o sobrenome" file="./spec/avengers_spec.rb" time="0.000438"></testcase>
<testcase classname="spec.bank.saque_cc_spec" name="ContaCorrente Saque quando o valor é possitivo entao atualiza saldo" file="./spec/bank/saque_cc_spec.rb" time="0.000274"></testcase>
<testcase classname="spec.bank.saque_cc_spec" name="ContaCorrente Saque quando o saldo é zero então exibe mensagem" file="./spec/bank/saque_cc_spec.rb" time="0.000070"></testcase>
<testcase classname="spec.bank.saque_cc_spec" name="ContaCorrente Saque quando o saldo é zero e o saldo final com zeros" file="./spec/bank/saque_cc_spec.rb" time="0.000050"></testcase>
<testcase classname="spec.bank.saque_cc_spec" name="ContaCorrente Saque quando o saldo é insuficiente então exibe mensagem" file="./spec/bank/saque_cc_spec.rb" time="0.000051"></testcase>
<testcase classname="spec.bank.saque_cc_spec" name="ContaCorrente Saque quando o saldo é insuficiente e o saldo permanece" file="./spec/bank/saque_cc_spec.rb" time="0.000062"></testcase>
<testcase classname="spec.bank.saque_cc_spec" name="ContaCorrente Saque quando supera o limite de saque então exibe mensagem" file="./spec/bank/saque_cc_spec.rb" time="0.000050"></testcase>
<testcase classname="spec.bank.saque_cc_spec" name="ContaCorrente Saque quando supera o limite de saque e o saldo permanece" file="./spec/bank/saque_cc_spec.rb" time="0.000046"></testcase>
<testcase classname="spec.bank.saque_cp_spec" name="ContaPoupanca Saque quando o valor é possitivo entao atualiza saldo" file="./spec/bank/saque_cp_spec.rb" time="0.000053"></testcase>
<testcase classname="spec.bank.saque_cp_spec" name="ContaPoupanca Saque quando o saldo é zero então exibe mensagem" file="./spec/bank/saque_cp_spec.rb" time="0.000051"></testcase>
<testcase classname="spec.bank.saque_cp_spec" name="ContaPoupanca Saque quando o saldo é zero e o saldo final com zeros" file="./spec/bank/saque_cp_spec.rb" time="0.000048"></testcase>
<testcase classname="spec.bank.saque_cp_spec" name="ContaPoupanca Saque quando o saldo é insuficiente então exibe mensagem" file="./spec/bank/saque_cp_spec.rb" time="0.000061"></testcase>
<testcase classname="spec.bank.saque_cp_spec" name="ContaPoupanca Saque quando o saldo é insuficiente e o saldo permanece" file="./spec/bank/saque_cp_spec.rb" time="0.000047"></testcase>
<testcase classname="spec.bank.saque_cp_spec" name="ContaPoupanca Saque quando supera o limite de saque então exibe mensagem" file="./spec/bank/saque_cp_spec.rb" time="0.000051"></testcase>
<testcase classname="spec.bank.saque_cp_spec" name="ContaPoupanca Saque quando supera o limite de saque e o saldo permanece" file="./spec/bank/saque_cp_spec.rb" time="0.000060"></testcase>
<testcase classname="spec.exemplos_spec" name="exemplos rspec soma de valores" file="./spec/exemplos_spec.rb" time="0.000045"></testcase>
</testsuite>
